1718130013.191353 client started (43403): version 3.4, socket /tmp/tmux-1000/default, protocol 8
1718130013.191369 on Linux 6.9.3-arch1-1 #1 SMP PREEMPT_DYNAMIC Fri, 31 May 2024 15:14:45 +0000
1718130013.191371 using libevent 2.1.12-stable poll
1718130013.191372 using ncurses 6.5 20240427
1718130013.191379 flags are 0x10010000
1718130013.191385 socket is /tmp/tmux-1000/default
1718130013.191391 trying connect
1718130013.191458 add peer 0x55b6a492ce00: 6 ((nil))
1718130013.191644 sending message 100 to peer 0x55b6a492ce00 (4 bytes)
1718130013.191647 sending message 111 to peer 0x55b6a492ce00 (8 bytes)
1718130013.191648 sending message 101 to peer 0x55b6a492ce00 (14 bytes)
1718130013.191649 sending message 109 to peer 0x55b6a492ce00 (4 bytes)
1718130013.191651 sending message 102 to peer 0x55b6a492ce00 (11 bytes)
1718130013.191652 sending message 108 to peer 0x55b6a492ce00 (24 bytes)
1718130013.191653 sending message 112 to peer 0x55b6a492ce00 (70 bytes)
1718130013.191655 sending message 112 to peer 0x55b6a492ce00 (5 bytes)
1718130013.191656 sending message 112 to peer 0x55b6a492ce00 (5 bytes)
1718130013.191657 sending message 112 to peer 0x55b6a492ce00 (6 bytes)
1718130013.191658 sending message 112 to peer 0x55b6a492ce00 (6 bytes)
1718130013.191659 sending message 112 to peer 0x55b6a492ce00 (11 bytes)
1718130013.191661 sending message 112 to peer 0x55b6a492ce00 (10 bytes)
1718130013.191662 sending message 112 to peer 0x55b6a492ce00 (13 bytes)
1718130013.191663 sending message 112 to peer 0x55b6a492ce00 (13 bytes)
1718130013.191664 sending message 112 to peer 0x55b6a492ce00 (18 bytes)
1718130013.191665 sending message 112 to peer 0x55b6a492ce00 (11 bytes)
1718130013.191667 sending message 112 to peer 0x55b6a492ce00 (10 bytes)
1718130013.191668 sending message 112 to peer 0x55b6a492ce00 (15 bytes)
1718130013.191669 sending message 112 to peer 0x55b6a492ce00 (21 bytes)
1718130013.191670 sending message 112 to peer 0x55b6a492ce00 (13 bytes)
1718130013.191671 sending message 112 to peer 0x55b6a492ce00 (7 bytes)
1718130013.191672 sending message 112 to peer 0x55b6a492ce00 (13 bytes)
1718130013.191674 sending message 112 to peer 0x55b6a492ce00 (7 bytes)
1718130013.191675 sending message 112 to peer 0x55b6a492ce00 (13 bytes)
1718130013.191676 sending message 112 to peer 0x55b6a492ce00 (9 bytes)
1718130013.191677 sending message 112 to peer 0x55b6a492ce00 (21 bytes)
1718130013.191678 sending message 112 to peer 0x55b6a492ce00 (13 bytes)
1718130013.191680 sending message 112 to peer 0x55b6a492ce00 (8 bytes)
1718130013.191681 sending message 112 to peer 0x55b6a492ce00 (12 bytes)
1718130013.191682 sending message 112 to peer 0x55b6a492ce00 (13 bytes)
1718130013.191683 sending message 112 to peer 0x55b6a492ce00 (9 bytes)
1718130013.191684 sending message 112 to peer 0x55b6a492ce00 (9 bytes)
1718130013.191685 sending message 112 to peer 0x55b6a492ce00 (12 bytes)
1718130013.191687 sending message 112 to peer 0x55b6a492ce00 (8 bytes)
1718130013.191688 sending message 112 to peer 0x55b6a492ce00 (8 bytes)
1718130013.191689 sending message 112 to peer 0x55b6a492ce00 (7 bytes)
1718130013.191690 sending message 112 to peer 0x55b6a492ce00 (7 bytes)
1718130013.191691 sending message 112 to peer 0x55b6a492ce00 (9 bytes)
1718130013.191692 sending message 112 to peer 0x55b6a492ce00 (13 bytes)
1718130013.191694 sending message 112 to peer 0x55b6a492ce00 (6 bytes)
1718130013.191695 sending message 112 to peer 0x55b6a492ce00 (9 bytes)
1718130013.191696 sending message 112 to peer 0x55b6a492ce00 (15 bytes)
1718130013.191697 sending message 112 to peer 0x55b6a492ce00 (13 bytes)
1718130013.191699 sending message 112 to peer 0x55b6a492ce00 (12 bytes)
1718130013.191700 sending message 112 to peer 0x55b6a492ce00 (8 bytes)
1718130013.191701 sending message 112 to peer 0x55b6a492ce00 (14 bytes)
1718130013.191702 sending message 112 to peer 0x55b6a492ce00 (11 bytes)
1718130013.191703 sending message 112 to peer 0x55b6a492ce00 (9 bytes)
1718130013.191704 sending message 112 to peer 0x55b6a492ce00 (10 bytes)
1718130013.191706 sending message 112 to peer 0x55b6a492ce00 (10 bytes)
1718130013.191710 sending message 112 to peer 0x55b6a492ce00 (10 bytes)
1718130013.191712 sending message 112 to peer 0x55b6a492ce00 (10 bytes)
1718130013.191713 sending message 112 to peer 0x55b6a492ce00 (11 bytes)
1718130013.191714 sending message 112 to peer 0x55b6a492ce00 (12 bytes)
1718130013.191715 sending message 112 to peer 0x55b6a492ce00 (12 bytes)
1718130013.191717 sending message 112 to peer 0x55b6a492ce00 (12 bytes)
1718130013.191718 sending message 112 to peer 0x55b6a492ce00 (12 bytes)
1718130013.191719 sending message 112 to peer 0x55b6a492ce00 (12 bytes)
1718130013.191720 sending message 112 to peer 0x55b6a492ce00 (11 bytes)
1718130013.191721 sending message 112 to peer 0x55b6a492ce00 (11 bytes)
1718130013.191723 sending message 112 to peer 0x55b6a492ce00 (12 bytes)
1718130013.191724 sending message 112 to peer 0x55b6a492ce00 (12 bytes)
1718130013.191725 sending message 112 to peer 0x55b6a492ce00 (12 bytes)
1718130013.191726 sending message 112 to peer 0x55b6a492ce00 (12 bytes)
1718130013.191727 sending message 112 to peer 0x55b6a492ce00 (12 bytes)
1718130013.191729 sending message 112 to peer 0x55b6a492ce00 (10 bytes)
1718130013.191730 sending message 112 to peer 0x55b6a492ce00 (12 bytes)
1718130013.191731 sending message 112 to peer 0x55b6a492ce00 (13 bytes)
1718130013.191732 sending message 112 to peer 0x55b6a492ce00 (13 bytes)
1718130013.191733 sending message 112 to peer 0x55b6a492ce00 (13 bytes)
1718130013.191734 sending message 112 to peer 0x55b6a492ce00 (13 bytes)
1718130013.191736 sending message 112 to peer 0x55b6a492ce00 (13 bytes)
1718130013.191737 sending message 112 to peer 0x55b6a492ce00 (8 bytes)
1718130013.191738 sending message 112 to peer 0x55b6a492ce00 (11 bytes)
1718130013.191739 sending message 112 to peer 0x55b6a492ce00 (11 bytes)
1718130013.191740 sending message 112 to peer 0x55b6a492ce00 (11 bytes)
1718130013.191742 sending message 112 to peer 0x55b6a492ce00 (12 bytes)
1718130013.191743 sending message 112 to peer 0x55b6a492ce00 (12 bytes)
1718130013.191744 sending message 112 to peer 0x55b6a492ce00 (12 bytes)
1718130013.191745 sending message 112 to peer 0x55b6a492ce00 (12 bytes)
1718130013.191746 sending message 112 to peer 0x55b6a492ce00 (13 bytes)
1718130013.191748 sending message 112 to peer 0x55b6a492ce00 (13 bytes)
1718130013.191749 sending message 112 to peer 0x55b6a492ce00 (13 bytes)
1718130013.191750 sending message 112 to peer 0x55b6a492ce00 (8 bytes)
1718130013.191751 sending message 112 to peer 0x55b6a492ce00 (13 bytes)
1718130013.191752 sending message 112 to peer 0x55b6a492ce00 (13 bytes)
1718130013.191754 sending message 112 to peer 0x55b6a492ce00 (13 bytes)
1718130013.191755 sending message 112 to peer 0x55b6a492ce00 (13 bytes)
1718130013.191756 sending message 112 to peer 0x55b6a492ce00 (13 bytes)
1718130013.191757 sending message 112 to peer 0x55b6a492ce00 (12 bytes)
1718130013.191758 sending message 112 to peer 0x55b6a492ce00 (12 bytes)
1718130013.191760 sending message 112 to peer 0x55b6a492ce00 (12 bytes)
1718130013.191761 sending message 112 to peer 0x55b6a492ce00 (12 bytes)
1718130013.191762 sending message 112 to peer 0x55b6a492ce00 (13 bytes)
1718130013.191763 sending message 112 to peer 0x55b6a492ce00 (8 bytes)
1718130013.191764 sending message 112 to peer 0x55b6a492ce00 (13 bytes)
1718130013.191765 sending message 112 to peer 0x55b6a492ce00 (13 bytes)
1718130013.191767 sending message 112 to peer 0x55b6a492ce00 (13 bytes)
1718130013.191768 sending message 112 to peer 0x55b6a492ce00 (13 bytes)
1718130013.191769 sending message 112 to peer 0x55b6a492ce00 (13 bytes)
1718130013.191770 sending message 112 to peer 0x55b6a492ce00 (13 bytes)
1718130013.191771 sending message 112 to peer 0x55b6a492ce00 (13 bytes)
1718130013.191773 sending message 112 to peer 0x55b6a492ce00 (12 bytes)
1718130013.191774 sending message 112 to peer 0x55b6a492ce00 (12 bytes)
1718130013.191775 sending message 112 to peer 0x55b6a492ce00 (12 bytes)
1718130013.191776 sending message 112 to peer 0x55b6a492ce00 (8 bytes)
1718130013.191777 sending message 112 to peer 0x55b6a492ce00 (12 bytes)
1718130013.191780 sending message 112 to peer 0x55b6a492ce00 (13 bytes)
1718130013.191781 sending message 112 to peer 0x55b6a492ce00 (13 bytes)
1718130013.191783 sending message 112 to peer 0x55b6a492ce00 (13 bytes)
1718130013.191784 sending message 112 to peer 0x55b6a492ce00 (13 bytes)
1718130013.191785 sending message 112 to peer 0x55b6a492ce00 (13 bytes)
1718130013.191786 sending message 112 to peer 0x55b6a492ce00 (13 bytes)
1718130013.191787 sending message 112 to peer 0x55b6a492ce00 (13 bytes)
1718130013.191789 sending message 112 to peer 0x55b6a492ce00 (13 bytes)
1718130013.191790 sending message 112 to peer 0x55b6a492ce00 (12 bytes)
1718130013.191791 sending message 112 to peer 0x55b6a492ce00 (10 bytes)
1718130013.191792 sending message 112 to peer 0x55b6a492ce00 (12 bytes)
1718130013.191793 sending message 112 to peer 0x55b6a492ce00 (12 bytes)
1718130013.191794 sending message 112 to peer 0x55b6a492ce00 (12 bytes)
1718130013.191796 sending message 112 to peer 0x55b6a492ce00 (13 bytes)
1718130013.191797 sending message 112 to peer 0x55b6a492ce00 (13 bytes)
1718130013.191798 sending message 112 to peer 0x55b6a492ce00 (13 bytes)
1718130013.191799 sending message 112 to peer 0x55b6a492ce00 (13 bytes)
1718130013.191800 sending message 112 to peer 0x55b6a492ce00 (13 bytes)
1718130013.191801 sending message 112 to peer 0x55b6a492ce00 (13 bytes)
1718130013.191803 sending message 112 to peer 0x55b6a492ce00 (13 bytes)
1718130013.191804 sending message 112 to peer 0x55b6a492ce00 (10 bytes)
1718130013.191805 sending message 112 to peer 0x55b6a492ce00 (13 bytes)
1718130013.191806 sending message 112 to peer 0x55b6a492ce00 (12 bytes)
1718130013.191807 sending message 112 to peer 0x55b6a492ce00 (12 bytes)
1718130013.191809 sending message 112 to peer 0x55b6a492ce00 (12 bytes)
1718130013.191810 sending message 112 to peer 0x55b6a492ce00 (10 bytes)
1718130013.191811 sending message 112 to peer 0x55b6a492ce00 (10 bytes)
1718130013.191812 sending message 112 to peer 0x55b6a492ce00 (10 bytes)
1718130013.191813 sending message 112 to peer 0x55b6a492ce00 (12 bytes)
1718130013.191815 sending message 112 to peer 0x55b6a492ce00 (13 bytes)
1718130013.191816 sending message 112 to peer 0x55b6a492ce00 (13 bytes)
1718130013.191817 sending message 112 to peer 0x55b6a492ce00 (13 bytes)
1718130013.191818 sending message 112 to peer 0x55b6a492ce00 (13 bytes)
1718130013.191819 sending message 112 to peer 0x55b6a492ce00 (13 bytes)
1718130013.191820 sending message 112 to peer 0x55b6a492ce00 (11 bytes)
1718130013.191822 sending message 112 to peer 0x55b6a492ce00 (11 bytes)
1718130013.191823 sending message 112 to peer 0x55b6a492ce00 (12 bytes)
1718130013.191824 sending message 112 to peer 0x55b6a492ce00 (12 bytes)
1718130013.191825 sending message 112 to peer 0x55b6a492ce00 (12 bytes)
1718130013.191826 sending message 112 to peer 0x55b6a492ce00 (12 bytes)
1718130013.191828 sending message 112 to peer 0x55b6a492ce00 (12 bytes)
1718130013.191829 sending message 112 to peer 0x55b6a492ce00 (11 bytes)
1718130013.191830 sending message 112 to peer 0x55b6a492ce00 (12 bytes)
1718130013.191831 sending message 112 to peer 0x55b6a492ce00 (12 bytes)
1718130013.191832 sending message 112 to peer 0x55b6a492ce00 (13 bytes)
1718130013.191834 sending message 112 to peer 0x55b6a492ce00 (13 bytes)
1718130013.191835 sending message 112 to peer 0x55b6a492ce00 (13 bytes)
1718130013.191836 sending message 112 to peer 0x55b6a492ce00 (13 bytes)
1718130013.191837 sending message 112 to peer 0x55b6a492ce00 (13 bytes)
1718130013.191838 sending message 112 to peer 0x55b6a492ce00 (10 bytes)
1718130013.191840 sending message 112 to peer 0x55b6a492ce00 (9 bytes)
1718130013.191841 sending message 112 to peer 0x55b6a492ce00 (12 bytes)
1718130013.191842 sending message 112 to peer 0x55b6a492ce00 (13 bytes)
1718130013.191843 sending message 112 to peer 0x55b6a492ce00 (13 bytes)
1718130013.191844 sending message 112 to peer 0x55b6a492ce00 (13 bytes)
1718130013.191846 sending message 112 to peer 0x55b6a492ce00 (13 bytes)
1718130013.191847 sending message 112 to peer 0x55b6a492ce00 (13 bytes)
1718130013.191849 sending message 112 to peer 0x55b6a492ce00 (9 bytes)
1718130013.191850 sending message 112 to peer 0x55b6a492ce00 (12 bytes)
1718130013.191852 sending message 112 to peer 0x55b6a492ce00 (13 bytes)
1718130013.191853 sending message 112 to peer 0x55b6a492ce00 (13 bytes)
1718130013.191854 sending message 112 to peer 0x55b6a492ce00 (13 bytes)
1718130013.191855 sending message 112 to peer 0x55b6a492ce00 (13 bytes)
1718130013.191856 sending message 112 to peer 0x55b6a492ce00 (13 bytes)
1718130013.191858 sending message 112 to peer 0x55b6a492ce00 (11 bytes)
1718130013.191859 sending message 112 to peer 0x55b6a492ce00 (12 bytes)
1718130013.191860 sending message 112 to peer 0x55b6a492ce00 (13 bytes)
1718130013.191861 sending message 112 to peer 0x55b6a492ce00 (13 bytes)
1718130013.191862 sending message 112 to peer 0x55b6a492ce00 (13 bytes)
1718130013.191864 sending message 112 to peer 0x55b6a492ce00 (13 bytes)
1718130013.191865 sending message 112 to peer 0x55b6a492ce00 (13 bytes)
1718130013.191866 sending message 112 to peer 0x55b6a492ce00 (11 bytes)
1718130013.191867 sending message 112 to peer 0x55b6a492ce00 (12 bytes)
1718130013.191869 sending message 112 to peer 0x55b6a492ce00 (12 bytes)
1718130013.191870 sending message 112 to peer 0x55b6a492ce00 (12 bytes)
1718130013.191871 sending message 112 to peer 0x55b6a492ce00 (12 bytes)
1718130013.191872 sending message 112 to peer 0x55b6a492ce00 (12 bytes)
1718130013.191874 sending message 112 to peer 0x55b6a492ce00 (21 bytes)
1718130013.191875 sending message 112 to peer 0x55b6a492ce00 (12 bytes)
1718130013.191876 sending message 112 to peer 0x55b6a492ce00 (9 bytes)
1718130013.191877 sending message 112 to peer 0x55b6a492ce00 (6 bytes)
1718130013.191879 sending message 112 to peer 0x55b6a492ce00 (13 bytes)
1718130013.191880 sending message 112 to peer 0x55b6a492ce00 (8 bytes)
1718130013.191881 sending message 112 to peer 0x55b6a492ce00 (15 bytes)
1718130013.191882 sending message 112 to peer 0x55b6a492ce00 (13 bytes)
1718130013.191884 sending message 112 to peer 0x55b6a492ce00 (9 bytes)
1718130013.191885 sending message 112 to peer 0x55b6a492ce00 (70 bytes)
1718130013.191886 sending message 112 to peer 0x55b6a492ce00 (69 bytes)
1718130013.191887 sending message 112 to peer 0x55b6a492ce00 (10 bytes)
1718130013.191889 sending message 112 to peer 0x55b6a492ce00 (10 bytes)
1718130013.191890 sending message 112 to peer 0x55b6a492ce00 (8 bytes)
1718130013.191891 sending message 112 to peer 0x55b6a492ce00 (15 bytes)
1718130013.191892 sending message 112 to peer 0x55b6a492ce00 (13 bytes)
1718130013.191894 sending message 112 to peer 0x55b6a492ce00 (10 bytes)
1718130013.191895 sending message 112 to peer 0x55b6a492ce00 (10 bytes)
1718130013.191896 sending message 112 to peer 0x55b6a492ce00 (17 bytes)
1718130013.191897 sending message 112 to peer 0x55b6a492ce00 (10 bytes)
1718130013.191899 sending message 112 to peer 0x55b6a492ce00 (13 bytes)
1718130013.191900 sending message 112 to peer 0x55b6a492ce00 (9 bytes)
1718130013.191901 sending message 112 to peer 0x55b6a492ce00 (5 bytes)
1718130013.191902 sending message 112 to peer 0x55b6a492ce00 (15 bytes)
1718130013.191904 sending message 104 to peer 0x55b6a492ce00 (0 bytes)
1718130013.191905 sending message 110 to peer 0x55b6a492ce00 (0 bytes)
1718130013.191907 sending message 107 to peer 0x55b6a492ce00 (4 bytes)
1718130013.191908 sending message 105 to peer 0x55b6a492ce00 (39 bytes)
1718130013.191910 sending message 105 to peer 0x55b6a492ce00 (63 bytes)
1718130013.191911 sending message 105 to peer 0x55b6a492ce00 (36 bytes)
1718130013.191912 sending message 105 to peer 0x55b6a492ce00 (24 bytes)
1718130013.191913 sending message 105 to peer 0x55b6a492ce00 (20 bytes)
1718130013.191915 sending message 105 to peer 0x55b6a492ce00 (20 bytes)
1718130013.191916 sending message 105 to peer 0x55b6a492ce00 (54 bytes)
1718130013.191917 sending message 105 to peer 0x55b6a492ce00 (50 bytes)
1718130013.191919 sending message 105 to peer 0x55b6a492ce00 (25 bytes)
1718130013.191920 sending message 105 to peer 0x55b6a492ce00 (11 bytes)
1718130013.191922 sending message 105 to peer 0x55b6a492ce00 (21 bytes)
1718130013.191924 sending message 105 to peer 0x55b6a492ce00 (24 bytes)
1718130013.191925 sending message 105 to peer 0x55b6a492ce00 (64 bytes)
1718130013.191926 sending message 105 to peer 0x55b6a492ce00 (16 bytes)
1718130013.191927 sending message 105 to peer 0x55b6a492ce00 (22 bytes)
1718130013.191929 sending message 105 to peer 0x55b6a492ce00 (90 bytes)
1718130013.191930 sending message 105 to peer 0x55b6a492ce00 (17 bytes)
1718130013.191931 sending message 105 to peer 0x55b6a492ce00 (25 bytes)
1718130013.191933 sending message 105 to peer 0x55b6a492ce00 (13 bytes)
1718130013.191934 sending message 105 to peer 0x55b6a492ce00 (26 bytes)
1718130013.191935 sending message 105 to peer 0x55b6a492ce00 (15 bytes)
1718130013.191936 sending message 105 to peer 0x55b6a492ce00 (26 bytes)
1718130013.191937 sending message 105 to peer 0x55b6a492ce00 (21 bytes)
1718130013.191939 sending message 105 to peer 0x55b6a492ce00 (27 bytes)
1718130013.191940 sending message 105 to peer 0x55b6a492ce00 (19 bytes)
1718130013.191941 sending message 105 to peer 0x55b6a492ce00 (18 bytes)
1718130013.191946 sending message 105 to peer 0x55b6a492ce00 (303 bytes)
1718130013.191947 sending message 105 to peer 0x55b6a492ce00 (28 bytes)
1718130013.191948 sending message 105 to peer 0x55b6a492ce00 (30 bytes)
1718130013.191949 sending message 105 to peer 0x55b6a492ce00 (28 bytes)
1718130013.191951 sending message 105 to peer 0x55b6a492ce00 (27 bytes)
1718130013.191952 sending message 105 to peer 0x55b6a492ce00 (18 bytes)
1718130013.191953 sending message 105 to peer 0x55b6a492ce00 (38 bytes)
1718130013.191955 sending message 105 to peer 0x55b6a492ce00 (19 bytes)
1718130013.191957 sending message 105 to peer 0x55b6a492ce00 (8 bytes)
1718130013.191959 sending message 105 to peer 0x55b6a492ce00 (19 bytes)
1718130013.191961 sending message 105 to peer 0x55b6a492ce00 (18 bytes)
1718130013.191962 sending message 105 to peer 0x55b6a492ce00 (25 bytes)
1718130013.191964 sending message 105 to peer 0x55b6a492ce00 (36 bytes)
1718130013.191966 sending message 105 to peer 0x55b6a492ce00 (13 bytes)
1718130013.191967 sending message 105 to peer 0x55b6a492ce00 (10 bytes)
1718130013.191969 sending message 105 to peer 0x55b6a492ce00 (26 bytes)
1718130013.191970 sending message 105 to peer 0x55b6a492ce00 (25 bytes)
1718130013.191972 sending message 105 to peer 0x55b6a492ce00 (26 bytes)
1718130013.191974 sending message 105 to peer 0x55b6a492ce00 (20 bytes)
1718130013.191976 sending message 105 to peer 0x55b6a492ce00 (29 bytes)
1718130013.191977 sending message 105 to peer 0x55b6a492ce00 (31 bytes)
1718130013.191979 sending message 105 to peer 0x55b6a492ce00 (15 bytes)
1718130013.191981 sending message 105 to peer 0x55b6a492ce00 (52 bytes)
1718130013.191983 sending message 105 to peer 0x55b6a492ce00 (23 bytes)
1718130013.191984 sending message 105 to peer 0x55b6a492ce00 (29 bytes)
1718130013.191986 sending message 105 to peer 0x55b6a492ce00 (17 bytes)
1718130013.191987 sending message 105 to peer 0x55b6a492ce00 (58 bytes)
1718130013.191988 sending message 105 to peer 0x55b6a492ce00 (25 bytes)
1718130013.191989 sending message 105 to peer 0x55b6a492ce00 (11 bytes)
1718130013.191990 sending message 105 to peer 0x55b6a492ce00 (16 bytes)
1718130013.191992 sending message 105 to peer 0x55b6a492ce00 (30 bytes)
1718130013.191993 sending message 105 to peer 0x55b6a492ce00 (33 bytes)
1718130013.191994 sending message 105 to peer 0x55b6a492ce00 (50 bytes)
1718130013.191995 sending message 105 to peer 0x55b6a492ce00 (23 bytes)
1718130013.191997 sending message 105 to peer 0x55b6a492ce00 (15 bytes)
1718130013.191998 sending message 105 to peer 0x55b6a492ce00 (29 bytes)
1718130013.191999 sending message 105 to peer 0x55b6a492ce00 (28 bytes)
1718130013.192001 sending message 105 to peer 0x55b6a492ce00 (21 bytes)
1718130013.192002 sending message 105 to peer 0x55b6a492ce00 (21 bytes)
1718130013.192003 sending message 105 to peer 0x55b6a492ce00 (43 bytes)
1718130013.192004 sending message 105 to peer 0x55b6a492ce00 (38 bytes)
1718130013.192007 sending message 105 to peer 0x55b6a492ce00 (16 bytes)
1718130013.192008 sending message 105 to peer 0x55b6a492ce00 (42 bytes)
1718130013.192010 sending message 105 to peer 0x55b6a492ce00 (12 bytes)
1718130013.192011 sending message 105 to peer 0x55b6a492ce00 (19 bytes)
1718130013.192012 sending message 105 to peer 0x55b6a492ce00 (21 bytes)
1718130013.192013 sending message 106 to peer 0x55b6a492ce00 (0 bytes)
1718130013.192042 sending message 200 to peer 0x55b6a492ce00 (4 bytes)
1718130013.192044 client loop enter
1718130013.193451 peer 0x55b6a492ce00 message 303
1718130013.193457 open write file 2 -
1718130013.193463 sending message 305 to peer 0x55b6a492ce00 (8 bytes)
1718130013.193469 write check file 2
1718130013.193605 peer 0x55b6a492ce00 message 304
1718130013.193607 write 58 to file 2
1718130013.193609 peer 0x55b6a492ce00 message 203
1718130013.193611 file 2 58 bytes left
1718130013.193618 write check file 2
1718130013.193619 client loop exit
