2025-04-17 08:51:20 Loading main app package /usr/lib/obsidian/obsidian.asar
2025-04-17 08:51:21 Checking for update using Github
2025-04-17 08:51:21 Success.
2025-04-17 08:51:21 Latest version is 1.8.9
2025-04-17 08:51:21 App is up to date.
2025-04-17 08:51:48 Loading main app package /usr/lib/obsidian/obsidian.asar
2025-04-17 08:51:49 Checking for update using Github
2025-04-17 08:51:49 Success.
2025-04-17 08:51:49 Latest version is 1.8.9
2025-04-17 08:51:49 App is up to date.
2025-04-17 08:51:59 Loading main app package /usr/lib/obsidian/obsidian.asar
2025-04-17 08:52:00 Checking for update using Github
2025-04-17 08:52:00 Success.
2025-04-17 08:52:00 Latest version is 1.8.9
2025-04-17 08:52:00 App is up to date.
2025-04-17 08:52:12 Loading main app package /usr/lib/obsidian/obsidian.asar
2025-04-17 08:52:13 Checking for update using Github
2025-04-17 08:52:13 Success.
2025-04-17 08:52:13 Latest version is 1.8.9
2025-04-17 08:52:13 App is up to date.
2025-04-17 08:53:31 Loading main app package /usr/lib/obsidian/obsidian.asar
2025-04-17 08:53:31 Checking for update using Github
2025-04-17 08:53:32 Success.
2025-04-17 08:53:32 Latest version is 1.8.9
2025-04-17 08:53:32 App is up to date.
2025-04-17 09:16:08 Loading main app package /usr/lib/obsidian/obsidian.asar
2025-04-17 09:16:09 Checking for update using Github
2025-04-17 09:16:09 Success.
2025-04-17 09:16:09 Latest version is 1.8.9
2025-04-17 09:16:09 App is up to date.
2025-04-17 09:17:49 Loading main app package /usr/lib/obsidian/obsidian.asar
2025-04-17 09:17:50 Checking for update using Github
2025-04-17 09:17:50 Success.
2025-04-17 09:17:50 Latest version is 1.8.9
2025-04-17 09:17:50 App is up to date.
2025-04-17 10:17:49 Checking for update using Github
2025-04-17 10:17:49 Success.
2025-04-17 10:17:49 Latest version is 1.8.9
2025-04-17 10:17:49 App is up to date.
2025-04-17 10:30:27 Loading main app package /usr/lib/obsidian/obsidian.asar
2025-04-17 10:30:28 Checking for update using Github
2025-04-17 10:30:28 Success.
2025-04-17 10:30:28 Latest version is 1.8.9
2025-04-17 10:30:28 App is up to date.
2025-04-17 11:30:27 Checking for update using Github
2025-04-17 11:30:27 Success.
2025-04-17 11:30:27 Latest version is 1.8.9
2025-04-17 11:30:27 App is up to date.
2025-04-17 12:30:27 Checking for update using Github
2025-04-17 12:30:27 Success.
2025-04-17 12:30:27 Latest version is 1.8.9
2025-04-17 12:30:27 App is up to date.
2025-04-17 13:30:27 Checking for update using Github
2025-04-17 13:30:27 Success.
2025-04-17 13:30:27 Latest version is 1.8.9
2025-04-17 13:30:27 App is up to date.
2025-04-17 14:00:55 Loading main app package /usr/lib/obsidian/obsidian.asar
2025-04-17 14:00:56 Checking for update using Github
2025-04-17 14:00:56 Success.
2025-04-17 14:00:56 Latest version is 1.8.9
2025-04-17 14:00:56 App is up to date.
2025-04-17 15:00:55 Checking for update using Github
2025-04-17 15:00:56 Success.
2025-04-17 15:00:56 Latest version is 1.8.9
2025-04-17 15:00:56 App is up to date.
2025-04-28 08:57:26 Loading main app package /usr/lib/obsidian/obsidian.asar
2025-04-28 08:57:26 Checking for update using Github
2025-04-28 08:57:27 Success.
2025-04-28 08:57:27 Latest version is 1.8.10
2025-04-28 08:57:27 App is up to date.
2025-04-28 10:00:07 Loading main app package /usr/lib/obsidian/obsidian.asar
2025-04-28 10:00:07 Checking for update using Github
2025-04-28 10:00:08 Success.
2025-04-28 10:00:08 Latest version is 1.8.10
2025-04-28 10:00:08 App is up to date.
2025-04-28 11:00:07 Checking for update using Github
2025-04-28 11:00:07 Success.
2025-04-28 11:00:07 Latest version is 1.8.10
2025-04-28 11:00:07 App is up to date.
2025-04-28 12:00:07 Checking for update using Github
2025-04-28 12:00:07 Success.
2025-04-28 12:00:07 Latest version is 1.8.10
2025-04-28 12:00:07 App is up to date.
2025-04-28 13:00:07 Checking for update using Github
2025-04-28 13:00:07 Success.
2025-04-28 13:00:07 Latest version is 1.8.10
2025-04-28 13:00:07 App is up to date.
2025-04-28 14:00:07 Checking for update using Github
2025-04-28 14:00:07 Success.
2025-04-28 14:00:07 Latest version is 1.8.10
2025-04-28 14:00:07 App is up to date.
2025-04-28 15:00:07 Checking for update using Github
2025-04-28 15:00:07 Success.
2025-04-28 15:00:07 Latest version is 1.8.10
2025-04-28 15:00:07 App is up to date.
2025-04-28 16:00:07 Checking for update using Github
2025-04-28 16:00:07 Success.
2025-04-28 16:00:07 Latest version is 1.8.10
2025-04-28 16:00:07 App is up to date.
2025-04-29 10:58:46 Loading main app package /usr/lib/obsidian/obsidian.asar
2025-04-29 10:58:47 Checking for update using Github
2025-04-29 10:58:47 Success.
2025-04-29 10:58:47 Latest version is 1.8.10
2025-04-29 10:58:47 App is up to date.
2025-04-29 11:58:46 Checking for update using Github
2025-04-29 11:58:46 Success.
2025-04-29 11:58:46 Latest version is 1.8.10
2025-04-29 11:58:46 App is up to date.
2025-04-29 12:58:46 Checking for update using Github
2025-04-29 12:58:46 Success.
2025-04-29 12:58:46 Latest version is 1.8.10
2025-04-29 12:58:46 App is up to date.
2025-05-02 12:32:21 Loading main app package /usr/lib/obsidian/obsidian.asar
2025-05-02 12:32:22 Checking for update using Github
2025-05-02 12:32:22 Success.
2025-05-02 12:32:22 Latest version is 1.8.10
2025-05-02 12:32:22 App is up to date.
2025-05-02 13:32:21 Checking for update using Github
2025-05-02 13:32:22 Success.
2025-05-02 13:32:22 Latest version is 1.8.10
2025-05-02 13:32:22 App is up to date.
2025-05-12 09:56:32 Loading main app package /usr/lib/obsidian/obsidian.asar
2025-05-12 09:56:33 Checking for update using Github
2025-05-12 09:56:33 Success.
2025-05-12 09:56:33 Latest version is 1.8.10
2025-05-12 09:56:33 App is up to date.
2025-05-14 13:23:57 Loading main app package /usr/lib/obsidian/obsidian.asar
2025-05-14 13:23:57 Checking for update using Github
2025-05-14 13:23:58 Success.
2025-05-14 13:23:58 Latest version is 1.8.10
2025-05-14 13:23:58 App is up to date.
2025-05-14 14:23:57 Checking for update using Github
2025-05-14 14:23:58 Success.
2025-05-14 14:23:58 Latest version is 1.8.10
2025-05-14 14:23:58 App is up to date.
